<?xml version="1.0" encoding="UTF-8"?>
<!-- Generated by org.testng.reporters.JUnitXMLReporter -->
<testsuite hostname="MMT-LPT-7667" ignored="0" name="Test" tests="3" failures="0" timestamp="07 Oct 2019 16:09:49 GMT" time="0.064" errors="0">
  <testcase name="TestBuilderPattern_3" time="0.022" classname="BuilderFramework.BuiderPattern"/>
  <testcase name="TestBuilderPattern_1" time="0.022" classname="BuilderFramework.BuiderPattern"/>
  <testcase name="TestBuilderPattern_2" time="0.022" classname="BuilderFramework.BuiderPattern"/>
</testsuite> <!-- Test -->
